Command line invocation:
    /Applications/Xcode.app/Contents/Developer/usr/bin/xcodebuild -scheme Bridget -destination "platform=iOS Simulator,name=iPhone 16 Pro"

Resolve Package Graph


Resolved source packages:
  BridgetSettings: /Users/peterjemley/Library/Mobile Documents/com~apple~CloudDocs/Developer/Bridget/Bridget/Packages/BridgetSettings @ local
  BridgetStatistics: /Users/peterjemley/Library/Mobile Documents/com~apple~CloudDocs/Developer/Bridget/Bridget/Packages/BridgetStatistics @ local
  BridgetCore: /Users/peterjemley/Library/Mobile Documents/com~apple~CloudDocs/Developer/Bridget/Bridget/Packages/BridgetCore @ local
  BridgetNetworking: /Users/peterjemley/Library/Mobile Documents/com~apple~CloudDocs/Developer/Bridget/Bridget/Packages/BridgetNetworking @ local
  BridgetHistory: /Users/peterjemley/Library/Mobile Documents/com~apple~CloudDocs/Developer/Bridget/Bridget/Packages/BridgetHistory @ local
  BridgetRouting: /Users/peterjemley/Library/Mobile Documents/com~apple~CloudDocs/Developer/Bridget/Bridget/Packages/BridgetRouting @ local
  BridgetBridgesList: /Users/peterjemley/Library/Mobile Documents/com~apple~CloudDocs/Developer/Bridget/Bridget/Packages/BridgetBridgesList @ local
  BridgetDashboard: /Users/peterjemley/Library/Mobile Documents/com~apple~CloudDocs/Developer/Bridget/Bridget/Packages/BridgetDashboard @ local
  BridgetSharedUI: /Users/peterjemley/Library/Mobile Documents/com~apple~CloudDocs/Developer/Bridget/Bridget/Packages/BridgetSharedUI @ local
  BridgetBridgeDetail: /Users/peterjemley/Library/Mobile Documents/com~apple~CloudDocs/Developer/Bridget/Bridget/Packages/BridgetBridgeDetail @ local

ComputePackagePrebuildTargetDependencyGraph

Prepare packages

CreateBuildRequest

SendProjectDescription

CreateBuildOperation

ComputeTargetDependencyGraph
note: Building targets in dependency order
note: Target dependency graph (21 targets)
    Target 'Bridget' in project 'Bridget'
        ➜ Explicit dependency on target 'BridgetHistory' in project 'BridgetHistory'
        ➜ Explicit dependency on target 'BridgetNetworking' in project 'BridgetNetworking'
        ➜ Explicit dependency on target 'BridgetBridgesList' in project 'BridgetBridgesList'
        ➜ Explicit dependency on target 'BridgetSettings' in project 'BridgetSettings'
        ➜ Explicit dependency on target 'BridgetBridgeDetail' in project 'BridgetBridgeDetail'
        ➜ Explicit dependency on target 'BridgetRouting' in project 'BridgetRouting'
        ➜ Explicit dependency on target 'BridgetDashboard' in project 'BridgetDashboard'
        ➜ Explicit dependency on target 'BridgetStatistics' in project 'BridgetStatistics'
        ➜ Explicit dependency on target 'BridgetSharedUI' in project 'BridgetSharedUI'
        ➜ Explicit dependency on target 'BridgetCore' in project 'BridgetCore'
    Target 'BridgetStatistics' in project 'BridgetStatistics'
        ➜ Explicit dependency on target 'BridgetStatistics' in project 'BridgetStatistics'
        ➜ Explicit dependency on target 'BridgetCore' in project 'BridgetCore'
        ➜ Explicit dependency on target 'BridgetSharedUI' in project 'BridgetSharedUI'
    Target 'BridgetStatistics' in project 'BridgetStatistics'
        ➜ Explicit dependency on target 'BridgetCore' in project 'BridgetCore'
        ➜ Explicit dependency on target 'BridgetSharedUI' in project 'BridgetSharedUI'
    Target 'BridgetDashboard' in project 'BridgetDashboard'
        ➜ Explicit dependency on target 'BridgetDashboard' in project 'BridgetDashboard'
        ➜ Explicit dependency on target 'BridgetCore' in project 'BridgetCore'
        ➜ Explicit dependency on target 'BridgetSharedUI' in project 'BridgetSharedUI'
        ➜ Explicit dependency on target 'BridgetBridgeDetail' in project 'BridgetBridgeDetail'
    Target 'BridgetDashboard' in project 'BridgetDashboard'
        ➜ Explicit dependency on target 'BridgetCore' in project 'BridgetCore'
        ➜ Explicit dependency on target 'BridgetSharedUI' in project 'BridgetSharedUI'
        ➜ Explicit dependency on target 'BridgetBridgeDetail' in project 'BridgetBridgeDetail'
    Target 'BridgetRouting' in project 'BridgetRouting'
        ➜ Explicit dependency on target 'BridgetRouting' in project 'BridgetRouting'
        ➜ Explicit dependency on target 'BridgetCore' in project 'BridgetCore'
        ➜ Explicit dependency on target 'BridgetSharedUI' in project 'BridgetSharedUI'
    Target 'BridgetRouting' in project 'BridgetRouting'
        ➜ Explicit dependency on target 'BridgetCore' in project 'BridgetCore'
        ➜ Explicit dependency on target 'BridgetSharedUI' in project 'BridgetSharedUI'
    Target 'BridgetSettings' in project 'BridgetSettings'
        ➜ Explicit dependency on target 'BridgetSettings' in project 'BridgetSettings'
        ➜ Explicit dependency on target 'BridgetCore' in project 'BridgetCore'
        ➜ Explicit dependency on target 'BridgetNetworking' in project 'BridgetNetworking'
    Target 'BridgetSettings' in project 'BridgetSettings'
        ➜ Explicit dependency on target 'BridgetCore' in project 'BridgetCore'
        ➜ Explicit dependency on target 'BridgetNetworking' in project 'BridgetNetworking'
    Target 'BridgetBridgesList' in project 'BridgetBridgesList'
        ➜ Explicit dependency on target 'BridgetBridgesList' in project 'BridgetBridgesList'
        ➜ Explicit dependency on target 'BridgetCore' in project 'BridgetCore'
        ➜ Explicit dependency on target 'BridgetSharedUI' in project 'BridgetSharedUI'
        ➜ Explicit dependency on target 'BridgetBridgeDetail' in project 'BridgetBridgeDetail'
    Target 'BridgetBridgesList' in project 'BridgetBridgesList'
        ➜ Explicit dependency on target 'BridgetCore' in project 'BridgetCore'
        ➜ Explicit dependency on target 'BridgetSharedUI' in project 'BridgetSharedUI'
        ➜ Explicit dependency on target 'BridgetBridgeDetail' in project 'BridgetBridgeDetail'
    Target 'BridgetBridgeDetail' in project 'BridgetBridgeDetail'
        ➜ Explicit dependency on target 'BridgetBridgeDetail' in project 'BridgetBridgeDetail'
        ➜ Explicit dependency on target 'BridgetCore' in project 'BridgetCore'
        ➜ Explicit dependency on target 'BridgetSharedUI' in project 'BridgetSharedUI'
    Target 'BridgetBridgeDetail' in project 'BridgetBridgeDetail'
        ➜ Explicit dependency on target 'BridgetCore' in project 'BridgetCore'
        ➜ Explicit dependency on target 'BridgetSharedUI' in project 'BridgetSharedUI'
    Target 'BridgetNetworking' in project 'BridgetNetworking'
        ➜ Explicit dependency on target 'BridgetNetworking' in project 'BridgetNetworking'
        ➜ Explicit dependency on target 'BridgetCore' in project 'BridgetCore'
    Target 'BridgetNetworking' in project 'BridgetNetworking'
        ➜ Explicit dependency on target 'BridgetCore' in project 'BridgetCore'
    Target 'BridgetHistory' in project 'BridgetHistory'
        ➜ Explicit dependency on target 'BridgetHistory' in project 'BridgetHistory'
        ➜ Explicit dependency on target 'BridgetCore' in project 'BridgetCore'
        ➜ Explicit dependency on target 'BridgetSharedUI' in project 'BridgetSharedUI'
    Target 'BridgetHistory' in project 'BridgetHistory'
        ➜ Explicit dependency on target 'BridgetCore' in project 'BridgetCore'
        ➜ Explicit dependency on target 'BridgetSharedUI' in project 'BridgetSharedUI'
    Target 'BridgetSharedUI' in project 'BridgetSharedUI'
        ➜ Explicit dependency on target 'BridgetSharedUI' in project 'BridgetSharedUI'
        ➜ Explicit dependency on target 'BridgetCore' in project 'BridgetCore'
    Target 'BridgetSharedUI' in project 'BridgetSharedUI'
        ➜ Explicit dependency on target 'BridgetCore' in project 'BridgetCore'
    Target 'BridgetCore' in project 'BridgetCore'
        ➜ Explicit dependency on target 'BridgetCore' in project 'BridgetCore'
    Target 'BridgetCore' in project 'BridgetCore' (no dependencies)

GatherProvisioningInputs

CreateBuildDescription

ExecuteExternalTool /Applications/Xcode.app/Contents/Developer/Toolchains/XcodeDefault.xctoolchain/usr/bin/swiftc --version

ExecuteExternalTool /Applications/Xcode.app/Contents/Developer/Toolchains/XcodeDefault.xctoolchain/usr/bin/clang -v -E -dM -isysroot /Applications/Xcode.app/Contents/Developer/Platforms/iPhoneSimulator.platform/Developer/SDKs/iPhoneSimulator18.5.sdk -x c -c /dev/null

ExecuteExternalTool /Applications/Xcode.app/Contents/Developer/usr/bin/actool --print-asset-tag-combinations --output-format xml1 /Users/peterjemley/Library/Mobile Documents/com~apple~CloudDocs/Developer/Bridget/Bridget/Bridget/Assets.xcassets

ExecuteExternalTool /Applications/Xcode.app/Contents/Developer/usr/bin/actool --version --output-format xml1

ExecuteExternalTool /Applications/Xcode.app/Contents/Developer/Toolchains/XcodeDefault.xctoolchain/usr/bin/ld -version_details

Build description signature: 4c7e63adc5fc085fd0112657f585c974
Build description path: /Users/peterjemley/Library/Developer/Xcode/DerivedData/Bridget-bmvemzuexbgjeuhcrmftojmgpvrs/Build/Intermediates.noindex/XCBuildData/4c7e63adc5fc085fd0112657f585c974.xcbuilddata
ClangStatCache /Applications/Xcode.app/Contents/Developer/Toolchains/XcodeDefault.xctoolchain/usr/bin/clang-stat-cache /Applications/Xcode.app/Contents/Developer/Platforms/iPhoneSimulator.platform/Developer/SDKs/iPhoneSimulator18.5.sdk /Users/peterjemley/Library/Developer/Xcode/DerivedData/SDKStatCaches.noindex/iphonesimulator18.5-22F76-d5fc8ad4295d2ef488fb7d0f804ce0c4.sdkstatcache
    cd /Users/peterjemley/Library/Mobile\ Documents/com\~apple\~CloudDocs/Developer/Bridget/Bridget/Bridget.xcodeproj
    /Applications/Xcode.app/Contents/Developer/Toolchains/XcodeDefault.xctoolchain/usr/bin/clang-stat-cache /Applications/Xcode.app/Contents/Developer/Platforms/iPhoneSimulator.platform/Developer/SDKs/iPhoneSimulator18.5.sdk -o /Users/peterjemley/Library/Developer/Xcode/DerivedData/SDKStatCaches.noindex/iphonesimulator18.5-22F76-d5fc8ad4295d2ef488fb7d0f804ce0c4.sdkstatcache

SwiftDriver BridgetCore normal arm64 com.apple.xcode.tools.swift.compiler (in target 'BridgetCore' from project 'BridgetCore')
    cd /Users/peterjemley/Library/Mobile\ Documents/com\~apple\~CloudDocs/Developer/Bridget/Bridget/Bridget.xcodeproj
    builtin-SwiftDriver -- /Applications/Xcode.app/Contents/Developer/Toolchains/XcodeDefault.xctoolchain/usr/bin/swiftc -module-name BridgetCore -Onone -enforce-exclusivity\=checked @/Users/peterjemley/Library/Developer/Xcode/DerivedData/Bridget-bmvemzuexbgjeuhcrmftojmgpvrs/Build/Intermediates.noindex/BridgetCore.build/Debug-iphonesimulator/BridgetCore.build/Objects-normal/arm64/BridgetCore.SwiftFileList -DSWIFT_PACKAGE -DDEBUG -DXcode -enable-upcoming-feature BareSlashRegexLiterals -plugin-path /Applications/Xcode.app/Contents/Developer/Toolchains/XcodeDefault.xctoolchain/usr/lib/swift/host/plugins/testing -enable-experimental-feature DebugDescriptionMacro -sdk /Applications/Xcode.app/Contents/Developer/Platforms/iPhoneSimulator.platform/Developer/SDKs/iPhoneSimulator18.5.sdk -target arm64-apple-ios17.0-simulator -g -module-cache-path /Users/peterjemley/Library/Developer/Xcode/DerivedData/ModuleCache.noindex -Xfrontend -serialize-debugging-options -profile-coverage-mapping -profile-generate -enable-testing -suppress-warnings -index-store-path /Users/peterjemley/Library/Developer/Xcode/DerivedData/Bridget-bmvemzuexbgjeuhcrmftojmgpvrs/Index.noindex/DataStore -swift-version 5 -I /Users/peterjemley/Library/Developer/Xcode/DerivedData/Bridget-bmvemzuexbgjeuhcrmftojmgpvrs/Build/Products/Debug-iphonesimulator -I /Applications/Xcode.app/Contents/Developer/Platforms/iPhoneSimulator.platform/Developer/usr/lib -F /Users/peterjemley/Library/Developer/Xcode/DerivedData/Bridget-bmvemzuexbgjeuhcrmftojmgpvrs/Build/Products/Debug-iphonesimulator -F /Applications/Xcode.app/Contents/Developer/Platforms/iPhoneSimulator.platform/Developer/Library/Frameworks -F /Applications/Xcode.app/Contents/Developer/Platforms/iPhoneSimulator.platform/Developer/SDKs/iPhoneSimulator18.5.sdk/Developer/Library/Frameworks -c -j16 -enable-batch-mode -incremental -Xcc -ivfsstatcache -Xcc /Users/peterjemley/Library/Developer/Xcode/DerivedData/SDKStatCaches.noindex/iphonesimulator18.5-22F76-d5fc8ad4295d2ef488fb7d0f804ce0c4.sdkstatcache -output-file-map /Users/peterjemley/Library/Developer/Xcode/DerivedData/Bridget-bmvemzuexbgjeuhcrmftojmgpvrs/Build/Intermediates.noindex/BridgetCore.build/Debug-iphonesimulator/BridgetCore.build/Objects-normal/arm64/BridgetCore-OutputFileMap.json -use-frontend-parseable-output -save-temps -no-color-diagnostics -serialize-diagnostics -emit-dependencies -emit-module -emit-module-path /Users/peterjemley/Library/Developer/Xcode/DerivedData/Bridget-bmvemzuexbgjeuhcrmftojmgpvrs/Build/Intermediates.noindex/BridgetCore.build/Debug-iphonesimulator/BridgetCore.build/Objects-normal/arm64/BridgetCore.swiftmodule -validate-clang-modules-once -clang-build-session-file /Users/peterjemley/Library/Developer/Xcode/DerivedData/ModuleCache.noindex/Session.modulevalidation -package-name bridgetcore -Xcc -I/Users/peterjemley/Library/Developer/Xcode/DerivedData/Bridget-bmvemzuexbgjeuhcrmftojmgpvrs/Build/Intermediates.noindex/BridgetCore.build/Debug-iphonesimulator/BridgetCore.build/swift-overrides.hmap -emit-const-values -Xfrontend -const-gather-protocols-file -Xfrontend /Users/peterjemley/Library/Developer/Xcode/DerivedData/Bridget-bmvemzuexbgjeuhcrmftojmgpvrs/Build/Intermediates.noindex/BridgetCore.build/Debug-iphonesimulator/BridgetCore.build/Objects-normal/arm64/BridgetCore_const_extract_protocols.json -Xcc -I/Users/peterjemley/Library/Developer/Xcode/DerivedData/Bridget-bmvemzuexbgjeuhcrmftojmgpvrs/Build/Products/Debug-iphonesimulator/include -Xcc -I/Users/peterjemley/Library/Developer/Xcode/DerivedData/Bridget-bmvemzuexbgjeuhcrmftojmgpvrs/Build/Intermediates.noindex/BridgetCore.build/Debug-iphonesimulator/BridgetCore.build/DerivedSources-normal/arm64 -Xcc -I/Users/peterjemley/Library/Developer/Xcode/DerivedData/Bridget-bmvemzuexbgjeuhcrmftojmgpvrs/Build/Intermediates.noindex/BridgetCore.build/Debug-iphonesimulator/BridgetCore.build/DerivedSources/arm64 -Xcc -I/Users/peterjemley/Library/Developer/Xcode/DerivedData/Bridget-bmvemzuexbgjeuhcrmftojmgpvrs/Build/Intermediates.noindex/BridgetCore.build/Debug-iphonesimulator/BridgetCore.build/DerivedSources -Xcc -DSWIFT_PACKAGE -Xcc -DDEBUG\=1 -emit-objc-header -emit-objc-header-path /Users/peterjemley/Library/Developer/Xcode/DerivedData/Bridget-bmvemzuexbgjeuhcrmftojmgpvrs/Build/Intermediates.noindex/BridgetCore.build/Debug-iphonesimulator/BridgetCore.build/Objects-normal/arm64/BridgetCore-Swift.h -working-directory /Users/peterjemley/Library/Mobile\ Documents/com\~apple\~CloudDocs/Developer/Bridget/Bridget/Bridget.xcodeproj -experimental-emit-module-separately -disable-cmo

SwiftCompile normal arm64 Compiling\ BridgeAnalytics.swift /Users/peterjemley/Library/Mobile\ Documents/com~apple~CloudDocs/Developer/Bridget/Bridget/Packages/BridgetCore/Sources/BridgetCore/BridgeAnalytics.swift (in target 'BridgetCore' from project 'BridgetCore')

SwiftCompile normal arm64 /Users/peterjemley/Library/Mobile\ Documents/com~apple~CloudDocs/Developer/Bridget/Bridget/Packages/BridgetCore/Sources/BridgetCore/BridgeAnalytics.swift (in target 'BridgetCore' from project 'BridgetCore')
    cd /Users/peterjemley/Library/Mobile\ Documents/com\~apple\~CloudDocs/Developer/Bridget/Bridget/Bridget.xcodeproj
    

SwiftCompile normal arm64 Compiling\ AppSettings.swift /Users/peterjemley/Library/Mobile\ Documents/com~apple~CloudDocs/Developer/Bridget/Bridget/Packages/BridgetCore/Sources/BridgetCore/AppSettings.swift (in target 'BridgetCore' from project 'BridgetCore')
SwiftCompile normal arm64 /Users/peterjemley/Library/Mobile\ Documents/com~apple~CloudDocs/Developer/Bridget/Bridget/Packages/BridgetCore/Sources/BridgetCore/AppSettings.swift (in target 'BridgetCore' from project 'BridgetCore')
    cd /Users/peterjemley/Library/Mobile\ Documents/com\~apple\~CloudDocs/Developer/Bridget/Bridget/Bridget.xcodeproj
    

SwiftCompile normal arm64 Compiling\ DTOs.swift /Users/peterjemley/Library/Mobile\ Documents/com~apple~CloudDocs/Developer/Bridget/Bridget/Packages/BridgetCore/Sources/BridgetCore/DTOs.swift (in target 'BridgetCore' from project 'BridgetCore')
SwiftCompile normal arm64 /Users/peterjemley/Library/Mobile\ Documents/com~apple~CloudDocs/Developer/Bridget/Bridget/Packages/BridgetCore/Sources/BridgetCore/DTOs.swift (in target 'BridgetCore' from project 'BridgetCore')
    cd /Users/peterjemley/Library/Mobile\ Documents/com\~apple\~CloudDocs/Developer/Bridget/Bridget/Bridget.xcodeproj
    

SwiftEmitModule normal arm64 Emitting\ module\ for\ BridgetCore (in target 'BridgetCore' from project 'BridgetCore')
EmitSwiftModule normal arm64 (in target 'BridgetCore' from project 'BridgetCore')
    cd /Users/peterjemley/Library/Mobile\ Documents/com\~apple\~CloudDocs/Developer/Bridget/Bridget/Bridget.xcodeproj
    

SwiftCompile normal arm64 Compiling\ NeuralEngineARIMA.swift /Users/peterjemley/Library/Mobile\ Documents/com~apple~CloudDocs/Developer/Bridget/Bridget/Packages/BridgetCore/Sources/BridgetCore/NeuralEngineARIMA.swift (in target 'BridgetCore' from project 'BridgetCore')

SwiftCompile normal arm64 /Users/peterjemley/Library/Mobile\ Documents/com~apple~CloudDocs/Developer/Bridget/Bridget/Packages/BridgetCore/Sources/BridgetCore/NeuralEngineARIMA.swift (in target 'BridgetCore' from project 'BridgetCore')
    cd /Users/peterjemley/Library/Mobile\ Documents/com\~apple\~CloudDocs/Developer/Bridget/Bridget/Bridget.xcodeproj
    

SwiftCompile normal arm64 Compiling\ TrafficAwareRoutingService.swift /Users/peterjemley/Library/Mobile\ Documents/com~apple~CloudDocs/Developer/Bridget/Bridget/Packages/BridgetCore/Sources/BridgetCore/TrafficAwareRoutingService.swift (in target 'BridgetCore' from project 'BridgetCore')
Failed frontend command:
/Applications/Xcode.app/Contents/Developer/Toolchains/XcodeDefault.xctoolchain/usr/bin/swift-frontend -frontend -c /Users/peterjemley/Library/Mobile\ Documents/com\~apple\~CloudDocs/Developer/Bridget/Bridget/Packages/BridgetCore/Sources/BridgetCore/ARIMAPredictionEngine.swift /Users/peterjemley/Library/Mobile\ Documents/com\~apple\~CloudDocs/Developer/Bridget/Bridget/Packages/BridgetCore/Sources/BridgetCore/AppSettings.swift /Users/peterjemley/Library/Mobile\ Documents/com\~apple\~CloudDocs/Developer/Bridget/Bridget/Packages/BridgetCore/Sources/BridgetCore/BridgeAnalytics.swift /Users/peterjemley/Library/Mobile\ Documents/com\~apple\~CloudDocs/Developer/Bridget/Bridget/Packages/BridgetCore/Sources/BridgetCore/DTOs.swift /Users/peterjemley/Library/Mobile\ Documents/com\~apple\~CloudDocs/Developer/Bridget/Bridget/Packages/BridgetCore/Sources/BridgetCore/DrawbridgeEvent.swift /Users/peterjemley/Library/Mobile\ Documents/com\~apple\~CloudDocs/Developer/Bridget/Bridget/Packages/BridgetCore/Sources/BridgetCore/DrawbridgeInfo.swift /Users/peterjemley/Library/Mobile\ Documents/com\~apple\~CloudDocs/Developer/Bridget/Bridget/Packages/BridgetCore/Sources/BridgetCore/MotionDetectionService.swift /Users/peterjemley/Library/Mobile\ Documents/com\~apple\~CloudDocs/Developer/Bridget/Bridget/Packages/BridgetCore/Sources/BridgetCore/MotionModels.swift /Users/peterjemley/Library/Mobile\ Documents/com\~apple\~CloudDocs/Developer/Bridget/Bridget/Packages/BridgetCore/Sources/BridgetCore/NeuralEngineARIMA.swift -primary-file /Users/peterjemley/Library/Mobile\ Documents/com\~apple\~CloudDocs/Developer/Bridget/Bridget/Packages/BridgetCore/Sources/BridgetCore/TrafficAwareRoutingService.swift /Users/peterjemley/Library/Mobile\ Documents/com\~apple\~CloudDocs/Developer/Bridget/Bridget/Packages/BridgetCore/Sources/BridgetCore/TrafficRoutingExample.swift /Users/peterjemley/Library/Mobile\ Documents/com\~apple\~CloudDocs/Developer/Bridget/Bridget/Packages/BridgetCore/Sources/BridgetCore/Utilities.swift -emit-dependencies-path /Users/peterjemley/Library/Developer/Xcode/DerivedData/Bridget-bmvemzuexbgjeuhcrmftojmgpvrs/Build/Intermediates.noindex/BridgetCore.build/Debug-iphonesimulator/BridgetCore.build/Objects-normal/arm64/TrafficAwareRoutingService.d -emit-const-values-path /Users/peterjemley/Library/Developer/Xcode/DerivedData/Bridget-bmvemzuexbgjeuhcrmftojmgpvrs/Build/Intermediates.noindex/BridgetCore.build/Debug-iphonesimulator/BridgetCore.build/Objects-normal/arm64/TrafficAwareRoutingService.swiftconstvalues -emit-reference-dependencies-path /Users/peterjemley/Library/Developer/Xcode/DerivedData/Bridget-bmvemzuexbgjeuhcrmftojmgpvrs/Build/Intermediates.noindex/BridgetCore.build/Debug-iphonesimulator/BridgetCore.build/Objects-normal/arm64/TrafficAwareRoutingService.swiftdeps -serialize-diagnostics-path /Users/peterjemley/Library/Developer/Xcode/DerivedData/Bridget-bmvemzuexbgjeuhcrmftojmgpvrs/Build/Intermediates.noindex/BridgetCore.build/Debug-iphonesimulator/BridgetCore.build/Objects-normal/arm64/TrafficAwareRoutingService.dia -target arm64-apple-ios17.0-simulator -Xllvm -aarch64-use-tbi -enable-objc-interop -sdk /Applications/Xcode.app/Contents/Developer/Platforms/iPhoneSimulator.platform/Developer/SDKs/iPhoneSimulator18.5.sdk -I /Users/peterjemley/Library/Developer/Xcode/DerivedData/Bridget-bmvemzuexbgjeuhcrmftojmgpvrs/Build/Products/Debug-iphonesimulator -I /Applications/Xcode.app/Contents/Developer/Platforms/iPhoneSimulator.platform/Developer/usr/lib -F /Users/peterjemley/Library/Developer/Xcode/DerivedData/Bridget-bmvemzuexbgjeuhcrmftojmgpvrs/Build/Products/Debug-iphonesimulator -F /Applications/Xcode.app/Contents/Developer/Platforms/iPhoneSimulator.platform/Developer/Library/Frameworks -F /Applications/Xcode.app/Contents/Developer/Platforms/iPhoneSimulator.platform/Developer/SDKs/iPhoneSimulator18.5.sdk/Developer/Library/Frameworks -no-color-diagnostics -enable-testing -g -debug-info-format\=dwarf -dwarf-version\=4 -module-cache-path /Users/peterjemley/Library/Developer/Xcode/DerivedData/ModuleCache.noindex -suppress-warnings -profile-generate -profile-coverage-mapping -swift-version 5 -enforce-exclusivity\=checked -Onone -D SWIFT_PACKAGE -D DEBUG -D Xcode -serialize-debugging-options -const-gather-protocols-file /Users/peterjemley/Library/Developer/Xcode/DerivedData/Bridget-bmvemzuexbgjeuhcrmftojmgpvrs/Build/Intermediates.noindex/BridgetCore.build/Debug-iphonesimulator/BridgetCore.build/Objects-normal/arm64/BridgetCore_const_extract_protocols.json -enable-upcoming-feature BareSlashRegexLiterals -enable-experimental-feature DebugDescriptionMacro -empty-abi-descriptor -plugin-path /Applications/Xcode.app/Contents/Developer/Toolchains/XcodeDefault.xctoolchain/usr/lib/swift/host/plugins/testing -validate-clang-modules-once -clang-build-session-file /Users/peterjemley/Library/Developer/Xcode/DerivedData/ModuleCache.noindex/Session.modulevalidation -Xcc -working-directory -Xcc /Users/peterjemley/Library/Mobile\ Documents/com\~apple\~CloudDocs/Developer/Bridget/Bridget/Bridget.xcodeproj -resource-dir /Applications/Xcode.app/Contents/Developer/Toolchains/XcodeDefault.xctoolchain/usr/lib/swift -enable-anonymous-context-mangled-names -file-compilation-dir /Users/peterjemley/Library/Mobile\ Documents/com\~apple\~CloudDocs/Developer/Bridget/Bridget/Bridget.xcodeproj -Xcc -ivfsstatcache -Xcc /Users/peterjemley/Library/Developer/Xcode/DerivedData/SDKStatCaches.noindex/iphonesimulator18.5-22F76-d5fc8ad4295d2ef488fb7d0f804ce0c4.sdkstatcache -Xcc -I/Users/peterjemley/Library/Developer/Xcode/DerivedData/Bridget-bmvemzuexbgjeuhcrmftojmgpvrs/Build/Intermediates.noindex/BridgetCore.build/Debug-iphonesimulator/BridgetCore.build/swift-overrides.hmap -Xcc -I/Users/peterjemley/Library/Developer/Xcode/DerivedData/Bridget-bmvemzuexbgjeuhcrmftojmgpvrs/Build/Products/Debug-iphonesimulator/include -Xcc -I/Users/peterjemley/Library/Developer/Xcode/DerivedData/Bridget-bmvemzuexbgjeuhcrmftojmgpvrs/Build/Intermediates.noindex/BridgetCore.build/Debug-iphonesimulator/BridgetCore.build/DerivedSources-normal/arm64 -Xcc -I/Users/peterjemley/Library/Developer/Xcode/DerivedData/Bridget-bmvemzuexbgjeuhcrmftojmgpvrs/Build/Intermediates.noindex/BridgetCore.build/Debug-iphonesimulator/BridgetCore.build/DerivedSources/arm64 -Xcc -I/Users/peterjemley/Library/Developer/Xcode/DerivedData/Bridget-bmvemzuexbgjeuhcrmftojmgpvrs/Build/Intermediates.noindex/BridgetCore.build/Debug-iphonesimulator/BridgetCore.build/DerivedSources -Xcc -DSWIFT_PACKAGE -Xcc -DDEBUG\=1 -module-name BridgetCore -package-name bridgetcore -frontend-parseable-output -disable-clang-spi -target-sdk-version 18.5 -target-sdk-name iphonesimulator18.5 -external-plugin-path /Applications/Xcode.app/Contents/Developer/Platforms/iPhoneOS.platform/Developer/usr/lib/swift/host/plugins\#/Applications/Xcode.app/Contents/Developer/Platforms/iPhoneOS.platform/Developer/usr/bin/swift-plugin-server -external-plugin-path /Applications/Xcode.app/Contents/Developer/Platforms/iPhoneOS.platform/Developer/usr/local/lib/swift/host/plugins\#/Applications/Xcode.app/Contents/Developer/Platforms/iPhoneOS.platform/Developer/usr/bin/swift-plugin-server -in-process-plugin-server-path /Applications/Xcode.app/Contents/Developer/Toolchains/XcodeDefault.xctoolchain/usr/lib/swift/host/libSwiftInProcPluginServer.dylib -plugin-path /Applications/Xcode.app/Contents/Developer/Toolchains/XcodeDefault.xctoolchain/usr/lib/swift/host/plugins -plugin-path /Applications/Xcode.app/Contents/Developer/Toolchains/XcodeDefault.xctoolchain/usr/local/lib/swift/host/plugins -o /Users/peterjemley/Library/Developer/Xcode/DerivedData/Bridget-bmvemzuexbgjeuhcrmftojmgpvrs/Build/Intermediates.noindex/BridgetCore.build/Debug-iphonesimulator/BridgetCore.build/Objects-normal/arm64/TrafficAwareRoutingService.o -index-unit-output-path /BridgetCore.build/Debug-iphonesimulator/BridgetCore.build/Objects-normal/arm64/TrafficAwareRoutingService.o -index-store-path /Users/peterjemley/Library/Developer/Xcode/DerivedData/Bridget-bmvemzuexbgjeuhcrmftojmgpvrs/Index.noindex/DataStore -index-system-modules

SwiftCompile normal arm64 /Users/peterjemley/Library/Mobile\ Documents/com~apple~CloudDocs/Developer/Bridget/Bridget/Packages/BridgetCore/Sources/BridgetCore/TrafficAwareRoutingService.swift (in target 'BridgetCore' from project 'BridgetCore')
    cd /Users/peterjemley/Library/Mobile\ Documents/com\~apple\~CloudDocs/Developer/Bridget/Bridget/Bridget.xcodeproj
    
/Users/peterjemley/Library/Mobile Documents/com~apple~CloudDocs/Developer/Bridget/Bridget/Packages/BridgetCore/Sources/BridgetCore/TrafficAwareRoutingService.swift:310:10: error: cannot infer contextual base in reference to member 'high'
        .high
        ~^~~~
/Users/peterjemley/Library/Mobile Documents/com~apple~CloudDocs/Developer/Bridget/Bridget/Packages/BridgetCore/Sources/BridgetCore/TrafficAwareRoutingService.swift:313:9: error: closure containing control flow statement cannot be used with result builder 'RiskLevelBuilder'
        if false { .low } else { .medium }
        ^
/Users/peterjemley/Library/Mobile Documents/com~apple~CloudDocs/Developer/Bridget/Bridget/Packages/BridgetCore/Sources/BridgetCore/TrafficAwareRoutingService.swift:295:15: note: add 'buildEither(first:)' and 'buildEither(second:)' to the result builder 'RiskLevelBuilder' to add support for 'if'-'else' and 'switch'
public struct RiskLevelBuilder {
              ^
/Users/peterjemley/Library/Mobile Documents/com~apple~CloudDocs/Developer/Bridget/Bridget/Packages/BridgetCore/Sources/BridgetCore/TrafficAwareRoutingService.swift:295:15: note: struct 'RiskLevelBuilder' declared here
public struct RiskLevelBuilder {
              ^

SwiftCompile normal arm64 Compiling\ MotionDetectionService.swift /Users/peterjemley/Library/Mobile\ Documents/com~apple~CloudDocs/Developer/Bridget/Bridget/Packages/BridgetCore/Sources/BridgetCore/MotionDetectionService.swift (in target 'BridgetCore' from project 'BridgetCore')

SwiftCompile normal arm64 /Users/peterjemley/Library/Mobile\ Documents/com~apple~CloudDocs/Developer/Bridget/Bridget/Packages/BridgetCore/Sources/BridgetCore/MotionDetectionService.swift (in target 'BridgetCore' from project 'BridgetCore')
    cd /Users/peterjemley/Library/Mobile\ Documents/com\~apple\~CloudDocs/Developer/Bridget/Bridget/Bridget.xcodeproj
    

SwiftCompile normal arm64 Compiling\ DrawbridgeEvent.swift /Users/peterjemley/Library/Mobile\ Documents/com~apple~CloudDocs/Developer/Bridget/Bridget/Packages/BridgetCore/Sources/BridgetCore/DrawbridgeEvent.swift (in target 'BridgetCore' from project 'BridgetCore')

SwiftCompile normal arm64 /Users/peterjemley/Library/Mobile\ Documents/com~apple~CloudDocs/Developer/Bridget/Bridget/Packages/BridgetCore/Sources/BridgetCore/DrawbridgeEvent.swift (in target 'BridgetCore' from project 'BridgetCore')
    cd /Users/peterjemley/Library/Mobile\ Documents/com\~apple\~CloudDocs/Developer/Bridget/Bridget/Bridget.xcodeproj
    

SwiftCompile normal arm64 Compiling\ DrawbridgeInfo.swift /Users/peterjemley/Library/Mobile\ Documents/com~apple~CloudDocs/Developer/Bridget/Bridget/Packages/BridgetCore/Sources/BridgetCore/DrawbridgeInfo.swift (in target 'BridgetCore' from project 'BridgetCore')

SwiftCompile normal arm64 /Users/peterjemley/Library/Mobile\ Documents/com~apple~CloudDocs/Developer/Bridget/Bridget/Packages/BridgetCore/Sources/BridgetCore/DrawbridgeInfo.swift (in target 'BridgetCore' from project 'BridgetCore')
    cd /Users/peterjemley/Library/Mobile\ Documents/com\~apple\~CloudDocs/Developer/Bridget/Bridget/Bridget.xcodeproj
    

SwiftCompile normal arm64 Compiling\ MotionModels.swift /Users/peterjemley/Library/Mobile\ Documents/com~apple~CloudDocs/Developer/Bridget/Bridget/Packages/BridgetCore/Sources/BridgetCore/MotionModels.swift (in target 'BridgetCore' from project 'BridgetCore')
SwiftCompile normal arm64 /Users/peterjemley/Library/Mobile\ Documents/com~apple~CloudDocs/Developer/Bridget/Bridget/Packages/BridgetCore/Sources/BridgetCore/MotionModels.swift (in target 'BridgetCore' from project 'BridgetCore')
    cd /Users/peterjemley/Library/Mobile\ Documents/com\~apple\~CloudDocs/Developer/Bridget/Bridget/Bridget.xcodeproj
    

